2020-02-16 02:13:08 [INFO] -- Running command: python3 src/main.py --sample-date 2019-11-26T00:00:00 --sample-id Z7183270 --out-dir biovalues
2020-02-16 02:13:08 [INFO] -- Getting authorization for upload...
2020-02-16 02:13:10 [INFO] -- Uploading data 'biovalues/biomed_main.log'...
2020-02-16 02:15:20 [WARNING] -- Connection interrupted (error HTTPSConnectionPool(host='fileservice-internaldev.genomcore.net', port=7443): Max retries exceeded with url: /api/upload (Caused by NewConnectionError('<urllib3.connection.VerifiedHTTPSConnection object at 0x7f45488216d8>: Failed to establish a new connection: [Errno 110] Connection timed out'))), retrying upload of file 'biovalues/biomed_main.log'... (remaining retries: 2)
2020-02-16 02:15:20 [INFO] -- Getting authorization for upload...
2020-02-16 02:15:20 [INFO] -- Uploading data 'biovalues/biomed_main.log'...
2020-02-16 02:17:31 [WARNING] -- Connection interrupted (error HTTPSConnectionPool(host='fileservice-internaldev.genomcore.net', port=7443): Max retries exceeded with url: /api/upload (Caused by NewConnectionError('<urllib3.connection.VerifiedHTTPSConnection object at 0x7f45487c1ef0>: Failed to establish a new connection: [Errno 110] Connection timed out'))), retrying upload of file 'biovalues/biomed_main.log'... (remaining retries: 1)
2020-02-16 02:17:31 [INFO] -- Getting authorization for upload...
2020-02-16 02:17:31 [INFO] -- Uploading data 'biovalues/biomed_main.log'...
2020-02-16 02:22:15 [INFO] -- Running command: python3 src/main.py --sample-date 2019-11-26T00:00:00 --sample-id Z7183270 --out-dir biovalues
2020-02-16 02:22:15 [INFO] -- Getting authorization for upload...
2020-02-16 02:22:16 [INFO] -- Uploading data 'biovalues/biomed_main.log'...
2020-02-16 02:33:16 [INFO] -- Running command: python3 src/main.py --sample-date 2019-11-26T00:00:00 --sample-id Z7183270 --out-dir biovalues
2020-02-16 02:34:11 [INFO] -- Running command: python3 src/main.py --sample-date 2019-11-26T00:00:00 --sample-id Z7183270 --out-dir biovalues
2020-02-16 02:34:11 [INFO] -- Getting authorization for upload...
2020-02-16 02:34:12 [INFO] -- Uploading data 'biovalues/biomed_main.log'...
2020-02-16 02:52:28 [INFO] -- Running command: python3 src/main.py --sample-date 2019-11-26T00:00:00 --sample-id Z7183270 --out-dir biovalues
2020-02-16 02:55:08 [INFO] -- Running command: python3 src/main.py --sample-date 2019-11-26T00:00:00 --sample-id Z7183270 --out-dir biovalues
2020-02-16 02:56:05 [INFO] -- Running command: python3 src/main.py --sample-date 2019-11-26T00:00:00 --sample-id Z7183270 --out-dir biovalues
2020-02-16 03:07:03 [INFO] -- Running command: python3 src/main.py --sample-date 2019-11-26T00:00:00 --sample-id Z7183270 
2020-02-16 03:07:30 [INFO] -- Running command: python3 src/main.py --sample-date 2019-11-26T00:00:00 --sample-id Z7183270 
2020-02-16 03:09:10 [INFO] -- Running command: python3 src/main.py --sample-date 2019-11-26T00:00:00 --sample-id Z7183270 
2020-02-16 03:11:40 [INFO] -- Running command: python3 src/main.py --sample-date 2019-11-26T00:00:00 --sample-id Z7183270 
2020-02-16 03:12:21 [INFO] -- Running command: python3 src/main.py --sample-date 2019-11-26T00:00:00 --sample-id Z7183270 
2020-02-16 03:14:35 [INFO] -- Running command: python3 src/main.py --sample-date 2019-11-26T00:00:00 --sample-id Z7183270 
2020-02-16 03:14:46 [INFO] -- Running command: python3 src/main.py --sample-date 2019-11-26T00:00:00 --sample-id Z7183270 
2020-02-16 03:17:40 [INFO] -- Running command: python3 None --sample-date 2019-11-26T00:00:00 --sample-id Z7183270 
2020-02-16 03:19:12 [INFO] -- Running command: python3 None --sample-date 2019-11-26T00:00:00 --sample-id Z7183270 
2020-02-16 03:24:01 [INFO] -- Running command: python3 None --sample-date 2019-11-26T00:00:00 --sample-id Z7183270 
2020-02-16 03:25:40 [INFO] -- Running command: python3 src/main.py --sample-date 2019-11-26T00:00:00 --sample-id Z7183270 
2020-02-16 03:26:49 [INFO] -- Running command: python3 src/main.py --sample-date 2019-11-26T00:00:00 --sample-id Z7183270 
2020-02-16 03:29:25 [INFO] -- Running command: python3 src/main.py --sample-date 2019-11-26T00:00:00 --sample-id Z7183270 
2020-02-16 03:41:08 [INFO] -- Running command: python3 src/main.py --sample-date 2019-11-26T00:00:00 --sample-id Z7183270 
2020-02-16 03:43:55 [INFO] -- Running command: python3 src/main.py --sample-date 2019-11-26T00:00:00 --sample-id Z7183270 
2020-02-16 15:54:07 [INFO] -- Running command: python3 src/main.py --sample-date 2019-11-26T00:00:00 --sample-id Z7183270 
2020-02-16 17:03:16 [INFO] -- Running command: python3 src/main.py --sample-date 2019-11-26T00:00:00 --sample-id Z7183270 
2020-02-27 10:21:01 [INFO] -- Running command: python3 src/main.py --sample-date 2019-11-26T00:00:00 --sample-id Z7183270 
2020-02-27 10:32:26 [INFO] -- Running command: python3 src/main.py --sample-date 2019-11-26T00:00:00 --sample-id Z7183270 
2020-03-02 19:27:42 [INFO] -- Running command: python3 src/main.py --sample-date 2019-11-26T00:00:00 --sample-id Z7183270 
2020-03-02 19:56:54 [INFO] -- Running command: python3 src/main.py --sample-date 2019-11-26T00:00:00 --sample-id Z7183270 
2020-03-05 10:39:44 [INFO] -- Running command: python3 src/main.py --sample-date 2019-11-26T00:00:00 --sample-id Z7183270 
2020-03-21 13:21:58 [INFO] -- Running command: python3 src/main.py --sample-date 2019-11-26T00:00:00 --sample-id Z7183270 
2020-03-21 13:29:06 [INFO] -- Running command: python3 src/main.py --sample-date 2019-11-26T00:00:00 --sample-id Z7183270 
2020-03-21 13:31:48 [INFO] -- Running command: python3 src/main.py --sample-date 2019-11-26T00:00:00 --sample-id Z7183270 
2020-03-21 13:35:59 [INFO] -- Running command: python3 src/main.py --sample-date 2019-11-26T00:00:00 --sample-id Z7183270 
2020-04-11 01:37:25 [INFO] -- Running command: python3 src/main.py --sample-date 2019-11-26T00:00:00 --sample-id Z7183270 
2020-04-11 01:38:03 [INFO] -- Running command: python3 src/main.py --sample-date 2019-11-26T00:00:00 --sample-id Z7183270 
2020-04-11 01:40:48 [INFO] -- Running command: python3 src/main.py --sample-date 2019-11-26T00:00:00 --sample-id Z7183270 
2020-04-11 01:41:56 [INFO] -- Running command: python3 src/main.py --sample-date 2019-11-26T00:00:00 --sample-id Z7183270 
2020-04-11 01:42:15 [INFO] -- Running command: python3 src/main.py --sample-date 2019-11-26T00:00:00 --sample-id Z7183270 
2020-04-11 01:43:47 [INFO] -- Running command: python3 src/main.py --sample-date 2019-11-26T00:00:00 --sample-id Z7183270 
2020-04-11 01:50:20 [INFO] -- Running command: python3 src/main.py --sample-date 2019-11-26T00:00:00 --sample-id Z7183270 
2020-04-11 03:25:56 [INFO] -- Running command: python3 src/main.py --sample-date 2019-11-26T00:00:00 --sample-id Z7183270 
2020-04-11 03:27:04 [INFO] -- Running command: python3 src/main.py --sample-date 2019-11-26T00:00:00 --sample-id Z7183270 
2020-04-11 03:39:34 [INFO] -- Running command: python3 src/main.py --sample-date 2019-11-26T00:00:00 --sample-id Z7183270 
2020-04-11 03:40:22 [INFO] -- Running command: python3 src/main.py --sample-date 2019-11-26T00:00:00 --sample-id Z7183270 
2020-04-11 03:41:21 [INFO] -- Running command: python3 src/main.py --sample-date 2019-11-26T00:00:00 --sample-id Z7183270 
2020-04-11 03:44:01 [INFO] -- Running command: python3 src/main.py --sample-date 2019-11-26T00:00:00 --sample-id Z7183270 
2020-04-11 03:45:03 [INFO] -- Running command: python3 src/main.py --sample-date 2019-11-26T00:00:00 --sample-id Z7183270 
2020-04-11 03:46:07 [INFO] -- Running command: python3 src/main.py --sample-date 2019-11-26T00:00:00 --sample-id Z7183270 
2020-04-11 03:49:34 [INFO] -- Running command: python3 src/main.py --sample-date 2019-11-26T00:00:00 --sample-id Z7183270 
2020-04-11 03:50:42 [INFO] -- Running command: python3 src/main.py --sample-date 2019-11-26T00:00:00 --sample-id Z7183270 
2020-04-11 03:51:03 [INFO] -- Running command: python3 src/main.py --sample-date 2019-11-26T00:00:00 --sample-id Z7183270 
2020-04-11 03:52:08 [INFO] -- Running command: python3 src/main.py --sample-date 2019-11-26T00:00:00 --sample-id Z7183270 
2020-04-11 03:52:35 [INFO] -- Running command: python3 src/main.py --sample-date 2019-11-26T00:00:00 --sample-id Z7183270 
2020-04-11 03:52:52 [INFO] -- Running command: python3 src/main.py --sample-date 2019-11-26T00:00:00 --sample-id Z7183270 
2020-04-11 03:53:38 [INFO] -- Running command: python3 src/main.py --sample-date 2019-11-26T00:00:00 --sample-id Z7183270 
2020-04-11 03:54:42 [INFO] -- Running command: python3 src/main.py --sample-date 2019-11-26T00:00:00 --sample-id Z7183270 
2020-04-11 03:56:30 [INFO] -- Running command: python3 src/main.py --sample-date 2019-11-26T00:00:00 --sample-id Z7183270 
2020-04-11 03:57:13 [INFO] -- Running command: python3 src/main.py --sample-date 2019-11-26T00:00:00 --sample-id Z7183270 
2020-04-11 03:57:29 [INFO] -- Running command: python3 src/main.py --sample-date 2019-11-26T00:00:00 --sample-id Z7183270 
2020-04-11 03:57:43 [INFO] -- Running command: python3 src/main.py --sample-date 2019-11-26T00:00:00 --sample-id Z7183270 
2020-04-11 03:57:51 [INFO] -- Running command: python3 src/main.py --sample-date 2019-11-26T00:00:00 --sample-id Z7183270 
2020-04-11 04:06:22 [INFO] -- Running command: python3 src/main.py --sample-date 2019-11-26T00:00:00 --sample-id Z7183270 
2020-04-11 04:07:04 [INFO] -- Running command: python3 src/main.py --sample-date 2019-11-26T00:00:00 --sample-id Z7183270 
2020-04-11 04:08:01 [INFO] -- Running command: python3 src/main.py --sample-date 2019-11-26T00:00:00 --sample-id Z7183270 
2020-04-11 20:44:33 [INFO] -- Running command: python3 src/main.py --sample-date 2019-11-26T00:00:00 --sample-id Z7183270 
2020-04-11 20:45:05 [INFO] -- Running command: python3 src/main.py --sample-date 2019-11-26T00:00:00 --sample-id Z7183270 
2020-04-11 20:46:47 [INFO] -- Running command: python3 src/main.py --sample-date 2019-11-26T00:00:00 --sample-id Z7183270 
2020-04-11 20:47:26 [INFO] -- Running command: python3 src/main.py --sample-date 2019-11-26T00:00:00 --sample-id Z7183270 
2020-04-12 12:58:50 [INFO] -- Running command: python3 src/main.py --sample-date 2019-11-26T00:00:00 --sample-id Z7183270 
2020-04-12 13:05:26 [INFO] -- Running command: python3 src/main.py --sample-date 2019-11-26T00:00:00 --sample-id Z7183270 
2020-04-12 13:06:07 [INFO] -- Running command: python3 src/main.py --sample-date 2019-11-26T00:00:00 --sample-id Z7183270 
2020-04-12 13:06:47 [INFO] -- Running command: python3 src/main.py --sample-date 2019-11-26T00:00:00 --sample-id Z7183270 
2020-04-12 13:09:43 [INFO] -- Running command: python3 src/main.py --sample-date 2019-11-26T00:00:00 --sample-id Z7183270 
2020-04-12 13:10:14 [INFO] -- Running command: python3 src/main.py --sample-date 2019-11-26T00:00:00 --sample-id Z7183270 
2020-04-12 13:11:20 [INFO] -- Running command: python3 src/main.py --sample-date 2019-11-26T00:00:00 --sample-id Z7183270 
2020-04-12 13:11:30 [INFO] -- Running command: python3 src/main.py --sample-date 2019-11-26T00:00:00 --sample-id Z7183270 
2020-04-12 14:34:47 [INFO] -- Running command: python3 src/main.py --sample-date 2019-11-26T00:00:00 --sample-id Z7183270 
2020-04-12 14:35:11 [INFO] -- Running command: python3 src/main.py --sample-date 2019-11-26T00:00:00 --sample-id Z7183270 
2020-04-12 14:36:02 [INFO] -- Running command: python3 src/main.py --sample-date 2019-11-26T00:00:00 --sample-id Z7183270 
2020-04-12 14:36:37 [INFO] -- Running command: python3 src/main.py --sample-date 2019-11-26T00:00:00 --sample-id Z7183270 
2020-04-12 14:36:48 [INFO] -- Running command: python3 src/main.py --sample-date 2019-11-26T00:00:00 --sample-id Z7183270 
2020-04-12 14:38:26 [INFO] -- Running command: python3 src/main.py --sample-date 2019-11-26T00:00:00 --sample-id Z7183270 
2020-04-12 20:19:28 [INFO] -- Running command: python3 src/main.py --sample-date 2019-11-26T00:00:00 --sample-id Z7183270 
2020-04-12 21:56:29 [INFO] -- Running command: python3 src/main.py --sample-date 2019-11-26T00:00:00 --sample-id Z7183270 
2020-04-12 21:57:01 [INFO] -- Running command: python3 src/main.py --sample-date 2019-11-26T00:00:00 --sample-id Z7183270 
2020-04-12 21:57:58 [INFO] -- Running command: python3 src/main.py --sample-date 2019-11-26T00:00:00 --sample-id Z7183270 
2020-04-12 21:58:36 [INFO] -- Running command: python3 src/main.py --sample-date 2019-11-26T00:00:00 --sample-id Z7183270 
2020-04-12 21:59:00 [INFO] -- Running command: python3 src/main.py --sample-date 2019-11-26T00:00:00 --sample-id Z7183270 
2020-04-12 21:59:14 [INFO] -- Running command: python3 src/main.py --sample-date 2019-11-26T00:00:00 --sample-id Z7183270 
2020-04-12 21:59:23 [INFO] -- Running command: python3 src/main.py --sample-date 2019-11-26T00:00:00 --sample-id Z7183270 
2020-04-12 21:59:37 [INFO] -- Running command: python3 src/main.py --sample-date 2019-11-26T00:00:00 --sample-id Z7183270 
2020-04-12 21:59:59 [INFO] -- Running command: python3 src/main.py --sample-date 2019-11-26T00:00:00 --sample-id Z7183270 
2020-04-12 22:03:58 [INFO] -- Running command: python3 src/main.py --sample-date 2019-11-26T00:00:00 --sample-id Z7183270 
2020-04-12 22:28:05 [INFO] -- Running command: python3 src/main.py --sample-date 2019-11-26T00:00:00 --sample-id Z7183270 
2020-04-12 22:30:49 [INFO] -- Running command: python3 src/main.py --sample-date 2019-11-26T00:00:00 --sample-id Z7183270 
2020-04-12 22:32:46 [INFO] -- Running command: python3 src/main.py --sample-date 2019-11-26T00:00:00 --sample-id Z7183270 
2020-04-12 22:34:34 [INFO] -- Running command: python3 src/main.py --sample-date 2019-11-26T00:00:00 --sample-id Z7183270 
2020-04-12 22:34:49 [INFO] -- Running command: python3 src/main.py --sample-date 2019-11-26T00:00:00 --sample-id Z7183270 
2020-04-12 22:36:19 [INFO] -- Running command: python3 src/main.py --sample-date 2019-11-26T00:00:00 --sample-id Z7183270 
2020-04-12 22:37:12 [INFO] -- Running command: python3 src/main.py --sample-date 2019-11-26T00:00:00 --sample-id Z7183270 
2020-04-12 22:37:32 [INFO] -- Running command: python3 src/main.py --sample-date 2019-11-26T00:00:00 --sample-id Z7183270 
2020-04-12 22:42:08 [INFO] -- Running command: python3 src/main.py --sample-date 2019-11-26T00:00:00 --sample-id Z7183270 
2020-04-12 22:48:48 [INFO] -- Running command: python3 src/main.py --sample-date 2019-11-26T00:00:00 --sample-id Z7183270 
2020-04-12 22:49:01 [INFO] -- Running command: python3 src/main.py --sample-date 2019-11-26T00:00:00 --sample-id Z7183270 
2020-04-12 22:55:57 [INFO] -- Running command: python3 src/main.py --sample-date 2019-11-26T00:00:00 --sample-id Z7183270 
2020-04-12 22:58:03 [INFO] -- Running command: python3 src/main.py --sample-date 2019-11-26T00:00:00 --sample-id Z7183270 
2020-04-12 22:58:19 [INFO] -- Running command: python3 src/main.py --sample-date 2019-11-26T00:00:00 --sample-id Z7183270 
2020-04-12 22:58:54 [INFO] -- Running command: python3 src/main.py --sample-date 2019-11-26T00:00:00 --sample-id Z7183270 
2020-04-12 23:03:18 [INFO] -- Running command: python3 src/main.py --sample-date 2019-11-26T00:00:00 --sample-id Z7183270 
2020-04-12 23:03:26 [INFO] -- Running command: python3 src/main.py --sample-date 2019-11-26T00:00:00 --sample-id Z7183270 
2020-04-12 23:15:03 [INFO] -- Running command: python3 src/main.py --sample-date 2019-11-26T00:00:00 --sample-id Z7183270 
2020-04-12 23:17:07 [INFO] -- Running command: python3 src/main.py --sample-date 2019-11-26T00:00:00 --sample-id Z7183270 
2020-04-12 23:24:08 [INFO] -- Running command: python3 src/main.py --sample-date 2019-11-26T00:00:00 --sample-id Z7183270 
2020-04-12 23:29:04 [INFO] -- Running command: python3 src/main.py --sample-date 2019-11-26T00:00:00 --sample-id Z7183270 
2020-04-12 23:29:24 [INFO] -- Running command: python3 src/main.py --sample-date 2019-11-26T00:00:00 --sample-id Z7183270 
2020-04-13 02:04:00 [INFO] -- Running command: python3 src/main.py --sample-date 2019-11-26T00:00:00 --sample-id Z7183270 
2020-04-13 02:04:14 [INFO] -- Running command: python3 src/main.py --sample-date 2019-11-26T00:00:00 --sample-id Z7183270 
2020-04-13 02:07:59 [INFO] -- Running command: python3 src/main.py --sample-date 2019-11-26T00:00:00 --sample-id Z7183270 
2020-04-13 02:08:28 [INFO] -- Running command: python3 src/main.py --sample-date 2019-11-26T00:00:00 --sample-id Z7183270 
2020-04-13 02:11:41 [INFO] -- Running command: python3 src/main.py --sample-date 2019-11-26T00:00:00 --sample-id Z7183270 
2020-04-13 02:15:02 [INFO] -- Running command: python3 src/main.py --sample-date 2019-11-26T00:00:00 --sample-id Z7183270 
2020-04-13 02:15:37 [INFO] -- Running command: python3 src/main.py --sample-date 2019-11-26T00:00:00 --sample-id Z7183270 
2020-04-13 02:17:44 [INFO] -- Running command: python3 src/main.py --sample-date 2019-11-26T00:00:00 --sample-id Z7183270 
2020-04-13 02:18:04 [INFO] -- Running command: python3 src/main.py --sample-date 2019-11-26T00:00:00 --sample-id Z7183270 
2020-04-13 02:18:43 [INFO] -- Running command: python3 src/main.py --sample-date 2019-11-26T00:00:00 --sample-id Z7183270 
2020-04-13 02:19:28 [INFO] -- Running command: python3 src/main.py --sample-date 2019-11-26T00:00:00 --sample-id Z7183270 
2020-04-13 02:20:00 [INFO] -- Running command: python3 src/main.py --sample-date 2019-11-26T00:00:00 --sample-id Z7183270 
2020-04-13 02:23:25 [INFO] -- Running command: python3 src/main.py --sample-date 2019-11-26T00:00:00 --sample-id Z7183270 
2020-04-13 02:24:28 [INFO] -- Running command: python3 src/main.py --sample-date 2019-11-26T00:00:00 --sample-id Z7183270 
2020-04-13 02:27:31 [INFO] -- Running command: python3 src/main.py --sample-date 2019-11-26T00:00:00 --sample-id Z7183270 
2020-04-13 02:30:25 [INFO] -- Running command: python3 src/main.py --sample-date 2019-11-26T00:00:00 --sample-id Z7183270 
2020-04-13 02:33:23 [INFO] -- Running command: python3 src/main.py --sample-date 2019-11-26T00:00:00 --sample-id Z7183270 
2020-04-13 02:34:58 [INFO] -- Running command: python3 src/main.py --sample-date 2019-11-26T00:00:00 --sample-id Z7183270 
2020-04-13 02:35:30 [INFO] -- Running command: python3 src/main.py --sample-date 2019-11-26T00:00:00 --sample-id Z7183270 
2020-04-13 02:37:02 [INFO] -- Running command: python3 src/main.py --sample-date 2019-11-26T00:00:00 --sample-id Z7183270 
2020-04-13 02:38:30 [INFO] -- Running command: python3 src/main.py --sample-date 2019-11-26T00:00:00 --sample-id Z7183270 
2020-04-13 02:43:15 [INFO] -- Running command: python3 src/main.py --sample-date 2019-11-26T00:00:00 --sample-id Z7183270 
2020-04-13 02:44:31 [INFO] -- Running command: python3 src/main.py --sample-date 2019-11-26T00:00:00 --sample-id Z7183270 
2020-04-13 02:45:08 [INFO] -- Running command: python3 src/main.py --sample-date 2019-11-26T00:00:00 --sample-id Z7183270 
2020-04-13 02:45:27 [INFO] -- Running command: python3 src/main.py --sample-date 2019-11-26T00:00:00 --sample-id Z7183270 
2020-04-13 02:51:42 [INFO] -- Running command: python3 src/main.py --sample-date 2019-11-26T00:00:00 --sample-id Z7183270 
2020-04-13 02:52:48 [INFO] -- Running command: python3 src/main.py --sample-date 2019-11-26T00:00:00 --sample-id Z7183270 
2020-04-13 02:55:03 [INFO] -- Running command: python3 src/main.py --sample-date 2019-11-26T00:00:00 --sample-id Z7183270 
2020-04-13 03:00:19 [INFO] -- Running command: python3 src/main.py --sample-date 2019-11-26T00:00:00 --sample-id Z7183270 
2020-04-13 03:00:31 [INFO] -- Running command: python3 src/main.py --sample-date 2019-11-26T00:00:00 --sample-id Z7183270 
2020-04-13 03:05:36 [INFO] -- Running command: python3 src/main.py --sample-date 2019-11-26T00:00:00 --sample-id Z7183270 
2020-04-13 03:07:00 [INFO] -- Running command: python3 src/main.py --sample-date 2019-11-26T00:00:00 --sample-id Z7183270 
2020-04-13 03:14:04 [INFO] -- Running command: python3 src/main.py --sample-date 2019-11-26T00:00:00 --sample-id Z7183270 
2020-04-13 03:23:56 [INFO] -- Running command: python3 src/main.py --sample-date 2019-11-26T00:00:00 --sample-id Z7183270 
2020-04-13 03:24:12 [INFO] -- Running command: python3 src/main.py --sample-date 2019-11-26T00:00:00 --sample-id Z7183270 
2020-04-13 03:24:21 [INFO] -- Running command: python3 src/main.py --sample-date 2019-11-26T00:00:00 --sample-id Z7183270 
2020-04-13 03:26:49 [INFO] -- Running command: python3 src/main.py --sample-date 2019-11-26T00:00:00 --sample-id Z7183270 
2020-04-13 03:27:18 [INFO] -- Running command: python3 src/main.py --sample-date 2019-11-26T00:00:00 --sample-id Z7183270 
2020-04-13 03:28:05 [INFO] -- Running command: python3 src/main.py --sample-date 2019-11-26T00:00:00 --sample-id Z7183270 
2020-04-13 03:28:26 [INFO] -- Running command: python3 src/main.py --sample-date 2019-11-26T00:00:00 --sample-id Z7183270 
2020-04-13 03:28:34 [INFO] -- Running command: python3 src/main.py --sample-date 2019-11-26T00:00:00 --sample-id Z7183270 
2020-04-13 03:33:24 [INFO] -- Running command: python3 src/main.py --sample-date 2019-11-26T00:00:00 --sample-id Z7183270 
2020-04-13 03:33:30 [INFO] -- Running command: python3 src/main.py --sample-date 2019-11-26T00:00:00 --sample-id Z7183270 
2020-04-13 19:56:41 [INFO] -- Running command: python3 src/main.py --sample-date 2019-11-26T00:00:00 --sample-id Z7183270 
2020-04-13 20:12:41 [INFO] -- Running command: python3 src/main.py --sample-date 2019-11-26T00:00:00 --sample-id Z7183270 
2020-04-13 20:13:05 [INFO] -- Running command: python3 src/main.py --sample-date 2019-11-26T00:00:00 --sample-id Z7183270 
2020-04-13 20:13:46 [INFO] -- Running command: python3 src/main.py --sample-date 2019-11-26T00:00:00 --sample-id Z7183270 
2020-04-13 20:15:11 [INFO] -- Running command: python3 src/main.py --sample-date 2019-11-26T00:00:00 --sample-id Z7183270 
2020-04-13 20:22:01 [INFO] -- Running command: python3 src/main.py --sample-date 2019-11-26T00:00:00 --sample-id Z7183270 
2020-04-13 20:24:21 [INFO] -- Running command: python3 src/main.py --sample-date 2019-11-26T00:00:00 --sample-id Z7183270 
2020-04-13 20:37:04 [INFO] -- Running command: python3 src/main.py --sample-date 2019-11-26T00:00:00 --sample-id Z7183270 
2020-04-13 20:37:13 [INFO] -- Running command: python3 src/main.py --sample-date 2019-11-26T00:00:00 --sample-id Z7183270 
2020-04-13 20:38:13 [INFO] -- Running command: python3 src/main.py --sample-date 2019-11-26T00:00:00 --sample-id Z7183270 
2020-04-13 20:38:20 [INFO] -- Running command: python3 src/main.py --sample-date 2019-11-26T00:00:00 --sample-id Z7183270 
2020-04-13 20:46:26 [INFO] -- Running command: python3 src/main.py --sample-date 2019-11-26T00:00:00 --sample-id Z7183270 
2020-04-13 21:01:26 [INFO] -- Running command: python3 src/main.py --sample-date 2019-11-26T00:00:00 --sample-id Z7183270 
2020-04-14 01:17:47 [INFO] -- Running command: python3 src/main.py --sample-date 2019-11-26T00:00:00 --sample-id Z7183270 
2020-04-14 01:17:59 [INFO] -- Running command: python3 src/main.py --sample-date 2019-11-26T00:00:00 --sample-id Z7183270 
2020-04-14 02:45:59 [INFO] -- Running command: python3 src/main.py --sample-date 2019-11-26T00:00:00 --sample-id Z7183270 
2020-04-14 02:46:53 [INFO] -- Running command: python3 src/main.py --sample-date 2019-11-26T00:00:00 --sample-id Z7183270 
2020-04-14 02:50:02 [INFO] -- Running command: python3 src/main.py --sample-date 2019-11-26T00:00:00 --sample-id Z7183270 
2020-04-14 02:53:09 [INFO] -- Running command: python3 src/main.py --sample-date 2019-11-26T00:00:00 --sample-id Z7183270 
2020-04-14 02:53:37 [INFO] -- Running command: python3 src/main.py --sample-date 2019-11-26T00:00:00 --sample-id Z7183270 
2020-04-14 02:54:27 [INFO] -- Running command: python3 src/main.py --sample-date 2019-11-26T00:00:00 --sample-id Z7183270 
2020-04-14 02:54:55 [INFO] -- Running command: python3 src/main.py --sample-date 2019-11-26T00:00:00 --sample-id Z7183270 
2020-04-14 02:58:36 [INFO] -- Running command: python3 src/main.py --sample-date 2019-11-26T00:00:00 --sample-id Z7183270 
2020-04-14 02:59:19 [INFO] -- Running command: python3 src/main.py --sample-date 2019-11-26T00:00:00 --sample-id Z7183270 
2020-04-14 03:15:20 [INFO] -- Running command: python3 src/main.py --sample-date 2019-11-26T00:00:00 --sample-id Z7183270 
2020-04-14 03:15:39 [INFO] -- Running command: python3 src/main.py --sample-date 2019-11-26T00:00:00 --sample-id Z7183270 
2020-04-14 03:16:08 [INFO] -- Running command: python3 src/main.py --sample-date 2019-11-26T00:00:00 --sample-id Z7183270 
2020-04-14 03:16:58 [INFO] -- Running command: python3 src/main.py --sample-date 2019-11-26T00:00:00 --sample-id Z7183270 
2020-04-14 03:18:02 [INFO] -- Running command: python3 src/main.py --sample-date 2019-11-26T00:00:00 --sample-id Z7183270 
2020-04-14 03:25:37 [INFO] -- Running command: python3 src/main.py --sample-date 2019-11-26T00:00:00 --sample-id Z7183270 
2020-04-14 03:27:32 [INFO] -- Running command: python3 src/main.py --sample-date 2019-11-26T00:00:00 --sample-id Z7183270 
2020-04-14 03:29:43 [INFO] -- Running command: python3 src/main.py --sample-date 2019-11-26T00:00:00 --sample-id Z7183270 
2020-04-14 03:30:05 [INFO] -- Running command: python3 src/main.py --sample-date 2019-11-26T00:00:00 --sample-id Z7183270 
2020-04-14 03:35:47 [INFO] -- Running command: python3 src/main.py --sample-date 2019-11-26T00:00:00 --sample-id Z7183270 
2020-04-14 03:36:02 [INFO] -- Running command: python3 src/main.py --sample-date 2019-11-26T00:00:00 --sample-id Z7183270 
2020-04-14 03:36:16 [INFO] -- Running command: python3 src/main.py --sample-date 2019-11-26T00:00:00 --sample-id Z7183270 
2020-04-14 03:36:27 [INFO] -- Running command: python3 src/main.py --sample-date 2019-11-26T00:00:00 --sample-id Z7183270 
2020-04-14 03:37:16 [INFO] -- Running command: python3 src/main.py --sample-date 2019-11-26T00:00:00 --sample-id Z7183270 
2020-04-14 03:37:28 [INFO] -- Running command: python3 src/main.py --sample-date 2019-11-26T00:00:00 --sample-id Z7183270 
2020-04-14 03:41:28 [INFO] -- Running command: python3 src/main.py --sample-date 2019-11-26T00:00:00 --sample-id Z7183270 
2020-04-14 03:42:46 [INFO] -- Running command: python3 src/main.py --sample-date 2019-11-26T00:00:00 --sample-id Z7183270 
2020-04-14 03:45:00 [INFO] -- Running command: python3 src/main.py --sample-date 2019-11-26T00:00:00 --sample-id Z7183270 
2020-04-14 03:52:26 [INFO] -- Running command: python3 src/main.py --sample-date 2019-11-26T00:00:00 --sample-id Z7183270 
2020-04-14 04:30:49 [INFO] -- Running command: python3 src/main.py --sample-date 2019-11-26T00:00:00 --sample-id Z7183270 
2020-04-14 04:31:20 [INFO] -- Running command: python3 src/main.py --sample-date 2019-11-26T00:00:00 --sample-id Z7183270 
2020-04-14 05:02:20 [INFO] -- Running command: python3 src/main.py --sample-date 2019-11-26T00:00:00 --sample-id Z7183270 
2020-04-14 05:02:48 [INFO] -- Running command: python3 src/main.py --sample-date 2019-11-26T00:00:00 --sample-id Z7183270 
2020-04-14 05:07:43 [INFO] -- Running command: python3 src/main.py --sample-date 2019-11-26T00:00:00 --sample-id Z7183270 
2020-04-14 05:11:03 [INFO] -- Running command: python3 src/main.py --sample-date 2019-11-26T00:00:00 --sample-id Z7183270 
2020-04-14 05:11:08 [INFO] -- Running command: python3 src/main.py --sample-date 2019-11-26T00:00:00 --sample-id Z7183270 
2020-04-14 05:11:54 [INFO] -- Running command: python3 src/main.py --sample-date 2019-11-26T00:00:00 --sample-id Z7183270 
2020-04-14 05:13:06 [INFO] -- Running command: python3 src/main.py --sample-date 2019-11-26T00:00:00 --sample-id Z7183270 
2020-04-14 05:15:42 [INFO] -- Running command: python3 src/main.py --sample-date 2019-11-26T00:00:00 --sample-id Z7183270 
2020-04-14 05:16:07 [INFO] -- Running command: python3 src/main.py --sample-date 2019-11-26T00:00:00 --sample-id Z7183270 
2020-04-14 05:17:50 [INFO] -- Running command: python3 src/main.py --sample-date 2019-11-26T00:00:00 --sample-id Z7183270 
2020-04-14 05:20:20 [INFO] -- Running command: python3 src/main.py --sample-date 2019-11-26T00:00:00 --sample-id Z7183270 
2020-04-14 05:21:15 [INFO] -- Running command: python3 src/main.py --sample-date 2019-11-26T00:00:00 --sample-id Z7183270 
2020-04-14 05:27:01 [INFO] -- Running command: python3 src/main.py --sample-date 2019-11-26T00:00:00 --sample-id Z7183270 
2020-04-14 05:28:25 [INFO] -- Running command: python3 src/main.py --sample-date 2019-11-26T00:00:00 --sample-id Z7183270 
2020-04-14 05:30:41 [INFO] -- Running command: python3 src/main.py --sample-date 2019-11-26T00:00:00 --sample-id Z7183270 
2020-04-14 05:32:48 [INFO] -- Running command: python3 src/main.py --sample-date 2019-11-26T00:00:00 --sample-id Z7183270 
2020-04-14 05:33:12 [INFO] -- Running command: python3 src/main.py --sample-date 2019-11-26T00:00:00 --sample-id Z7183270 
2020-04-14 05:34:20 [INFO] -- Running command: python3 src/main.py --sample-date 2019-11-26T00:00:00 --sample-id Z7183270 
2020-04-14 05:35:11 [INFO] -- Running command: python3 src/main.py --sample-date 2019-11-26T00:00:00 --sample-id Z7183270 
2020-04-14 05:46:42 [INFO] -- Running command: python3 src/main.py --sample-date 2019-11-26T00:00:00 --sample-id Z7183270 
2020-04-14 05:48:56 [INFO] -- Running command: python3 src/main.py --sample-date 2019-11-26T00:00:00 --sample-id Z7183270 
2020-04-14 05:50:19 [INFO] -- Running command: python3 src/main.py --sample-date 2019-11-26T00:00:00 --sample-id Z7183270 
2020-04-14 05:52:46 [INFO] -- Running command: python3 src/main.py --sample-date 2019-11-26T00:00:00 --sample-id Z7183270 
2020-04-14 06:18:51 [INFO] -- Running command: python3 src/main.py --sample-date 2019-11-26T00:00:00 --sample-id Z7183270 
2020-04-14 06:19:05 [INFO] -- Running command: python3 src/main.py --sample-date 2019-11-26T00:00:00 --sample-id Z7183270 
2020-04-18 20:55:41 [INFO] -- Running command: python3 src/main.py --sample-date 2019-11-26T00:00:00 --sample-id Z7183270 
2020-04-18 21:24:39 [INFO] -- Running command: python3 src/main.py --sample-date 2019-11-26T00:00:00 --sample-id Z7183270 
2020-04-18 21:29:59 [INFO] -- Running command: python3 src/main.py --sample-date 2019-11-26T00:00:00 --sample-id Z7183270 
2020-04-19 01:21:25 [INFO] -- Running command: python3 src/main.py --sample-date 2019-11-26T00:00:00 --sample-id Z7183270 
2020-04-19 01:23:11 [INFO] -- Running command: python3 src/main.py --sample-date 2019-11-26T00:00:00 --sample-id Z7183270 
2020-04-19 01:23:39 [INFO] -- Running command: python3 src/main.py --sample-date 2019-11-26T00:00:00 --sample-id Z7183270 
2020-04-19 01:24:01 [INFO] -- Running command: python3 src/main.py --sample-date 2019-11-26T00:00:00 --sample-id Z7183270 
2020-04-19 01:28:33 [INFO] -- Running command: python3 src/main.py --sample-date 2019-11-26T00:00:00 --sample-id Z7183270 
2020-04-19 01:29:27 [INFO] -- Running command: python3 src/main.py --sample-date 2019-11-26T00:00:00 --sample-id Z7183270 
2020-04-19 01:35:45 [INFO] -- Running command: python3 src/main.py --sample-date 2019-11-26T00:00:00 --sample-id Z7183270 
2020-04-19 01:36:12 [INFO] -- Running command: python3 src/main.py --sample-date 2019-11-26T00:00:00 --sample-id Z7183270 
2020-04-19 01:36:22 [INFO] -- Running command: python3 src/main.py --sample-date 2019-11-26T00:00:00 --sample-id Z7183270 
2020-04-19 01:38:19 [INFO] -- Running command: python3 src/main.py --sample-date 2019-11-26T00:00:00 --sample-id Z7183270 
2020-04-19 01:50:21 [INFO] -- Running command: python3 src/main.py --sample-date 2019-11-26T00:00:00 --sample-id Z7183270 
2020-04-19 01:50:27 [INFO] -- Running command: python3 src/main.py --sample-date 2019-11-26T00:00:00 --sample-id Z7183270 
2020-04-19 01:50:43 [INFO] -- Running command: python3 src/main.py --sample-date 2019-11-26T00:00:00 --sample-id Z7183270 
2020-04-19 01:51:36 [INFO] -- Running command: python3 src/main.py --sample-date 2019-11-26T00:00:00 --sample-id Z7183270 
2020-04-19 01:58:27 [INFO] -- Running command: python3 src/main.py --sample-date 2019-11-26T00:00:00 --sample-id Z7183270 
2020-04-19 03:15:06 [INFO] -- Running command: python3 src/main.py --sample-date 2019-11-26T00:00:00 --sample-id Z7183270 
2020-04-19 03:17:00 [INFO] -- Running command: python3 src/main.py --sample-date 2019-11-26T00:00:00 --sample-id Z7183270 
2020-04-19 03:17:03 [INFO] -- Running command: python3 src/main.py --sample-date 2019-11-26T00:00:00 --sample-id Z7183270 
2020-04-19 03:17:05 [INFO] -- Running command: python3 src/main.py --sample-date 2019-11-26T00:00:00 --sample-id Z7183270 
2020-04-19 03:17:05 [INFO] -- Running command: python3 src/main.py --sample-date 2019-11-26T00:00:00 --sample-id Z7183270 
2020-04-19 03:40:35 [INFO] -- Running command: python3 src/main.py --sample-date 2019-11-26T00:00:00 --sample-id Z7183270 
2020-04-19 16:33:26 [INFO] -- Running command: python3 src/main.py --sample-date 2019-11-22T09:57:19 --sample-id Z7183270 
2020-04-19 16:34:45 [INFO] -- Running command: python3 src/main.py --sample-date 2019-11-22T09:57:19 --sample-id Z7183270 
2020-04-19 19:36:23 [INFO] -- Running command: python3 src/main.py --sample-date 2019-11-22T09:57:19 --sample-id Z7183270 
2020-04-19 19:36:53 [INFO] -- Running command: python3 src/main.py --sample-date 2019-11-22T09:57:19 --sample-id Z7183270 
2020-04-19 19:37:13 [INFO] -- Running command: python3 src/main.py --sample-date 2019-11-22T09:57:19 --sample-id Z7183270 
2020-04-19 19:38:16 [INFO] -- Running command: python3 src/main.py --sample-date 2019-11-22T09:57:19 --sample-id Z7183270 
2020-04-19 19:38:40 [INFO] -- Running command: python3 src/main.py --sample-date 2019-11-22T09:57:19 --sample-id Z7183270 
2020-04-19 19:41:16 [INFO] -- Running command: python3 src/main.py --sample-date 2019-11-22T09:57:19 --sample-id Z7183270 
2020-04-19 19:41:38 [INFO] -- Running command: python3 src/main.py --sample-date 2019-11-22T09:57:19 --sample-id Z7183270 
2020-04-19 19:42:16 [INFO] -- Running command: python3 src/main.py --sample-date 2019-11-22T09:57:19 --sample-id Z7183270 
2020-04-19 19:42:56 [INFO] -- Running command: python3 src/main.py --sample-date 2019-11-22T09:57:19 --sample-id Z7183270 
2020-04-19 19:57:06 [INFO] -- Running command: python3 src/main.py --sample-date 2019-11-22T09:57:19 --sample-id Z7183270 
2020-04-19 19:58:34 [INFO] -- Running command: python3 src/main.py --sample-date 2019-11-22T09:57:19 --sample-id Z7183270 
2020-04-20 01:53:41 [INFO] -- Running command: python3 src/main.py --sample-date 2019-11-22T09:57:19 --sample-id Z7183270 
2020-04-20 03:21:53 [INFO] -- Running command: python3 src/main.py --sample-date 2019-11-22T09:57:19 --sample-id Z7183270 
2020-04-20 03:23:49 [INFO] -- Running command: python3 src/main.py --sample-date 2019-11-22T09:57:19 --sample-id Z7183270 
2020-04-20 03:24:23 [INFO] -- Running command: python3 src/main.py --sample-date 2019-11-22T09:57:19 --sample-id Z7183270 
2020-04-20 03:32:54 [INFO] -- Running command: python3 src/main.py --sample-date 2019-11-22T09:57:19 --sample-id Z7183270 
2020-04-20 03:38:01 [INFO] -- Running command: python3 src/main.py --sample-date 2019-11-22T09:57:19 --sample-id Z7183270 
2020-04-20 03:38:14 [INFO] -- Running command: python3 src/main.py --sample-date 2019-11-22T09:57:19 --sample-id Z7183270 
2020-04-20 03:39:25 [INFO] -- Running command: python3 src/main.py --sample-date 2019-11-22T09:57:19 --sample-id Z7183270 
2020-04-20 03:40:06 [INFO] -- Running command: python3 src/main.py --sample-date 2019-11-22T09:57:19 --sample-id Z7183270 
2020-04-20 03:46:43 [INFO] -- Running command: python3 src/main.py --sample-date 2019-11-22T09:57:19 --sample-id Z7183270 
2020-04-20 03:47:31 [INFO] -- Running command: python3 src/main.py --sample-date 2019-11-22T09:57:19 --sample-id Z7183270 
2020-04-20 03:50:19 [INFO] -- Running command: python3 src/main.py --sample-date 2019-11-22T09:57:19 --sample-id Z7183270 
2020-04-20 04:11:19 [INFO] -- Running command: python3 src/main.py --sample-date 2019-11-22T09:57:19 --sample-id Z7183270 
2020-04-20 04:11:47 [INFO] -- Running command: python3 src/main.py --sample-date 2019-11-22T09:57:19 --sample-id Z7183270 
2020-04-20 04:11:51 [INFO] -- Running command: python3 src/main.py --sample-date 2019-11-22T09:57:19 --sample-id Z7183270 
2020-04-21 23:46:38 [INFO] -- Running command: python3 src/main.py --sample-date 2019-11-22T09:57:19 --sample-id Z7183270 
2020-04-21 23:48:35 [INFO] -- Running command: python3 src/main.py --sample-date 2019-11-22T09:57:19 --sample-id Z7183270 
2020-04-21 23:49:52 [INFO] -- Running command: python3 src/main.py --sample-date 2019-11-22T09:57:19 --sample-id Z7183270 
2020-04-21 23:53:27 [INFO] -- Running command: python3 src/main.py --sample-date 2019-11-22T09:57:19 --sample-id Z7183270 
2020-04-21 23:55:19 [INFO] -- Running command: python3 src/main.py --sample-date 2019-11-22T09:57:19 --sample-id Z7183270 
2020-04-21 23:55:33 [INFO] -- Running command: python3 src/main.py --sample-date 2019-11-22T09:57:19 --sample-id Z7183270 
2020-04-22 00:00:11 [INFO] -- Running command: python3 src/main.py --sample-date 2019-11-22T09:57:19 --sample-id Z7183270 
2020-04-22 00:01:17 [INFO] -- Running command: python3 src/main.py --sample-date 2019-11-22T09:57:19 --sample-id Z7183270 
2020-04-22 00:02:22 [INFO] -- Running command: python3 src/main.py --sample-date 2019-11-22T09:57:19 --sample-id Z7183270 
2020-04-22 00:03:19 [INFO] -- Running command: python3 src/main.py --sample-date 2019-11-22T09:57:19 --sample-id Z7183270 
2020-04-22 00:03:41 [INFO] -- Running command: python3 src/main.py --sample-date 2019-11-22T09:57:19 --sample-id Z7183270 
2020-04-22 00:03:59 [INFO] -- Running command: python3 src/main.py --sample-date 2019-11-22T09:57:19 --sample-id Z7183270 
2020-04-22 00:04:17 [INFO] -- Running command: python3 src/main.py --sample-date 2019-11-22T09:57:19 --sample-id Z7183270 
2020-04-22 00:05:17 [INFO] -- Running command: python3 src/main.py --sample-date 2019-11-22T09:57:19 --sample-id Z7183270 
2020-04-22 00:12:31 [INFO] -- Running command: python3 src/main.py --sample-date 2019-11-22T09:57:19 --sample-id Z7183270 
2020-04-22 00:14:42 [INFO] -- Running command: python3 src/main.py --sample-date 2019-11-22T09:57:19 --sample-id Z7183270 
2020-04-22 00:16:29 [INFO] -- Running command: python3 src/main.py --sample-date 2019-11-22T09:57:19 --sample-id Z7183270 
2020-04-22 00:23:18 [INFO] -- Running command: python3 src/main.py --sample-date 2019-11-22T09:57:19 --sample-id Z7183270 
2020-04-22 00:23:24 [INFO] -- Running command: python3 src/main.py --sample-date 2019-11-22T09:57:19 --sample-id Z7183270 
2020-05-06 01:08:08 [INFO] -- Running command: python3 src/main.py --sample-date 2019-11-22T09:57:19 --sample-id Z7183270 
2020-05-06 01:28:52 [INFO] -- Running command: python3 src/main.py --sample-date 2019-11-22T09:57:19 --sample-id Z7183270 
2020-05-06 01:44:17 [INFO] -- Running command: python3 src/main.py --sample-date 2019-11-22T09:57:19 --sample-id Z7183270 
2020-05-06 01:44:51 [INFO] -- Running command: python3 src/main.py --sample-date 2019-11-22T09:57:19 --sample-id Z7183270 
2020-05-06 01:45:39 [INFO] -- Running command: python3 src/main.py --sample-date 2019-11-22T09:57:19 --sample-id Z7183270 
2020-05-06 01:46:43 [INFO] -- Running command: python3 src/main.py --sample-date 2019-11-22T09:57:19 --sample-id Z7183270 
2020-05-06 01:50:59 [INFO] -- Running command: python3 src/main.py --sample-date 2019-11-22T09:57:19 --sample-id Z7183270 
2020-05-06 01:55:52 [INFO] -- Running command: python3 src/main.py --sample-date 2019-11-22T09:57:19 --sample-id Z7183270 
2020-05-06 01:57:24 [INFO] -- Running command: python3 src/main.py --sample-date 2019-11-22T09:57:19 --sample-id Z7183270 
2020-05-06 01:59:10 [INFO] -- Running command: python3 src/main.py --sample-date 2019-11-22T09:57:19 --sample-id Z7183270 
2020-05-06 01:59:28 [INFO] -- Running command: python3 src/main.py --sample-date 2019-11-22T09:57:19 --sample-id Z7183270 
2020-05-06 02:01:32 [INFO] -- Running command: python3 src/main.py --sample-date 2019-11-22T09:57:19 --sample-id Z7183270 
2020-05-06 02:16:50 [INFO] -- Running command: python3 src/main.py --sample-date 2019-11-22T09:57:19 --sample-id Z7183270 
2020-05-12 01:22:41 [INFO] -- Running command: python3 src/main.py --sample-date 2019-11-22T09:57:19 --sample-id Z7183270 
2020-05-12 01:24:33 [INFO] -- Running command: python3 src/main.py --sample-date 2019-11-22T09:57:19 --sample-id Z7183270 
2020-05-12 12:22:43 [INFO] -- Running command: python3 src/main.py --sample-date 2019-11-22T09:57:19 --sample-id Z7183270 
2020-05-12 12:26:19 [INFO] -- Running command: python3 src/main.py --sample-date 2019-11-22T09:57:19 --sample-id Z7183270 
2020-05-13 23:04:40 [INFO] -- Running command: python3 src/main.py --sample-date 2019-11-22T09:57:19 --sample-id Z7183270 
2020-05-13 23:05:01 [INFO] -- Running command: python3 src/main.py --sample-date 2019-11-22T09:57:19 --sample-id Z7183270 
2020-05-13 23:07:18 [INFO] -- Running command: python3 src/main.py --sample-date 2019-11-22T09:57:19 --sample-id Z7183270 
2020-05-22 11:39:46 [INFO] -- Running command: python3 src/main.py --sample-date 2019-11-22T09:57:19 --sample-id Z7183270 
2020-05-22 11:40:08 [INFO] -- Running command: python3 src/main.py --sample-date 2019-11-22T09:57:19 --sample-id Z7183270 
2020-05-22 14:19:17 [INFO] -- Running command: python3 src/main.py --sample-date 2019-11-22T09:57:19 --sample-id Z7183270 
2020-06-11 15:58:31 [INFO] -- Running command: python3 src/main.py --sample-date 2019-11-22T09:57:19 --sample-id Z7183270 
2020-06-11 15:59:18 [INFO] -- Running command: python3 src/main.py --sample-date 2019-11-22T09:57:19 --sample-id Z7183270 
2020-06-11 16:08:28 [INFO] -- Running command: python3 src/main.py --sample-date 2019-11-22T09:57:19 --sample-id Z7183270 
2020-06-11 16:08:35 [INFO] -- Running command: python3 src/main.py --sample-date 2019-11-22T09:57:19 --sample-id Z7183270 
2020-06-11 16:11:48 [INFO] -- Running command: python3 src/main.py --sample-date 2019-11-22T09:57:19 --sample-id Z7183270 
2020-06-11 16:12:59 [INFO] -- Running command: python3 src/main.py --sample-date 2019-11-22T09:57:19 --sample-id Z7183270 
2020-06-11 16:13:46 [INFO] -- Running command: python3 src/main.py --sample-date 2019-11-22T09:57:19 --sample-id Z7183270 
2020-06-11 16:14:27 [INFO] -- Running command: python3 src/main.py --sample-date 2019-11-22T09:57:19 --sample-id Z7183270 
2020-06-11 16:15:18 [INFO] -- Running command: python3 src/main.py --sample-date 2019-11-22T09:57:19 --sample-id Z7183270 
2020-06-11 17:17:53 [INFO] -- Running command: python3 src/main.py --sample-date 2019-11-22T09:57:19 --sample-id Z7183270 
2020-06-11 17:18:16 [INFO] -- Running command: python3 src/main.py --sample-date 2019-11-22T09:57:19 --sample-id Z7183270 
2020-06-11 17:44:04 [INFO] -- Running command: python3 src/main.py --sample-date 2019-11-22T09:57:19 --sample-id Y5694768M 
